1 1 1
78329 78329 201
999999 999998 259
688718 664206 398
317783 297655 384
339287 315493 384
715026 692318 411
159856 138176 383
1472 2560 209
476935 452104 444
941481 916694 445
196738 175327 365
901826 878335 401
842823 819298 450
596070 574889 434
49869 28869 324
171238 149099 383
250712 228992 443
966404 945352 414
204624 180802 360
605890 585805 403
118759 94688 354
34733 12823 311
785926 762881 468
352 2064 182
695225 671491 442
671872 647681 429
258776 234798 368
900026 879230 401
823226 798343 450
683185 660848 398
722959 702849 411
284241 260314 407
756058 732665 424
56360 31427 340
174395 149620 383
930257 906880 476
381894 361398 423
855838 831387 419
107445 86016 354
515287 492409 470
48155 27422 324
900046 879970 401
93902 73863 351
786450 762592 468
903712 879510 401
856566 831822 419
839044 817927 450
396059 372806 436
653358 631383 416
718334 695693 411
655400 630862 416
924833 903197 476
239233 214799 443
68617 48573 340
670529 648178 429
159172 137151 383
159404 137195 383
897074 872175 432
44201 21601 324
315059 293997 384
607061 582466 434
246989 223830 443
885804 865331 432
505164 481168 426
239555 218818 443
708336 687217 442
380626 359480 423
580147 560052 421
321204 297325 384
415668 394562 449
381383 359845 423
369583 345099 441
658021 636191 429
60538 36987 340
335429 311865 384
599838 576225 434
711945 689921 442
227976 205092 386
402674 377677 436
163462 140231 383
735763 715205 424
960153 935381 445
979007 957954 458
38823 17186 324
818876 796800 406
508468 484727 426
335039 310272 384
102270 81724 341
5704 4126 236
668892 647113 429
161427 137138 383
319144 295995 384
828896 807664 450
79950 56097 351
265988 242314 407
630690 609587 447
934061 911551 445
977806 953186 458
601479 580370 434
734268 709528 411
167820 147735 383
625574 601039 447
766677 746305 424
86747 62791 351
478308 454091 444
941137 916718 445
679056 657911 398
823893 801218 450
191398 170653 365
839230 815654 450
358060 335215 441
39904 19298 324
40894 17933 324
318441 293530 384
626371 602540 447
74458 50791 340
547488 524148 452
426280 401754 449
589835 568401 434
367069 344505 441
527448 505068 470
859129 836786 419
546738 524108 452
958928 937887 445
676347 656079 429
134462 112540 349
97078 72594 351
27371 4687 308
795560 773009 437
768891 746533 468
573398 552880 421
386461 361783 423
619934 596665 447
903862 880626 401
797371 775506 468
613753 589606 403
210831 186283 373
21042 4531 279
166328 144971 383
690425 669741 398
4910 2799 238
395672 371332 436
576200 554008 421
63416 40112 340
863698 840636 419
541099 519489 408
567416 546351 452
961297 937071 445
752073 731646 424
950899 928115 445
840818 820497 419
205337 182125 360
